{"numFailedTestSuites":0,"numFailedTests":0,"numPassedTestSuites":5,"numPassedTests":22,"numPendingTestSuites":0,"numPendingTests":0,"numRuntimeErrorTestSuites":0,"numTodoTests":0,"numTotalTestSuites":5,"numTotalTests":22,"openHandles":[],"snapshot":{"added":0,"didUpdate":false,"failure":false,"filesAdded":0,"filesRemoved":0,"filesRemovedList":[],"filesUnmatched":0,"filesUpdated":0,"matched":0,"total":0,"unchecked":0,"uncheckedKeysByFile":[],"unmatched":0,"updated":0},"startTime":1789179946404,"success":true,"testResults":[{"assertionResults":[{"ancestorTitles":["API PMM Interactivo"],"duration":82,"failing":false,"failureDetails":[],"failureMessages":[],"fullName":"API PMM Interactivo GET / debe retornar mensaje de bienvenida","invocations":1,"location":null,"numPassingAsserts":2,"retryReasons":[],"startAt":1789179948981,"status":"passed","title":"GET / debe retornar mensaje de bienvenida"}],"endTime":1789179949065,"message":"","name":"C:\\Users\\USUARIO\\academia_pmm_2\\pmm-backend\\test\\api.test.js","startTime":1789179946474,"status":"passed","summary":""},{"assertionResults":[{"ancestorTitles":["authController - register"],"duration":2,"failing":false,"failureDetails":[],"failureMessages":[],"fullName":"authController - register debe retornar 400 cuando faltan campos obligatorios","invocations":1,"location":null,"numPassingAsserts":2,"retryReasons":[],"startAt":1789179949209,"status":"passed","title":"debe retornar 400 cuando faltan campos obligatorios"},{"ancestorTitles":["authController - register"],"duration":2,"failing":false,"failureDetails":[],"failureMessages":[],"fullName":"authController - register debe retornar 400 cuando el correo no tiene formato válido","invocations":1,"location":null,"numPassingAsserts":2,"retryReasons":[],"startAt":1789179949211,"status":"passed","title":"debe retornar 400 cuando el correo no tiene formato válido"},{"ancestorTitles":["authController - register"],"duration":1,"failing":false,"failureDetails":[],"failureMessages":[],"fullName":"authController - register debe retornar 400 cuando la contraseña tiene menos de 6 caracteres","invocations":1,"location":null,"numPassingAsserts":2,"retryReasons":[],"startAt":1789179949213,"status":"passed","title":"debe retornar 400 cuando la contraseña tiene menos de 6 caracteres"},{"ancestorTitles":["authController - register"],"duration":2,"failing":false,"failureDetails":[],"failureMessages":[],"fullName":"authController - register debe retornar 400 cuando no se aceptan los términos o la política de privacidad","invocations":1,"location":null,"numPassingAsserts":2,"retryReasons":[],"startAt":1789179949214,"status":"passed","title":"debe retornar 400 cuando no se aceptan los términos o la política de privacidad"}],"endTime":1789179949216,"message":"","name":"C:\\Users\\USUARIO\\academia_pmm_2\\pmm-backend\\test\\authController.test.js","startTime":1789179949096,"status":"passed","summary":""},{"assertionResults":[{"ancestorTitles":["moduloController","obtenerEjerciciosModulo"],"duration":2,"failing":false,"failureDetails":[],"failureMessages":[],"fullName":"moduloController obtenerEjerciciosModulo debe retornar los ejercicios de un módulo","invocations":1,"location":null,"numPassingAsserts":3,"retryReasons":[],"startAt":1789179949271,"status":"passed","title":"debe retornar los ejercicios de un módulo"},{"ancestorTitles":["moduloController","obtenerEjerciciosModulo"],"duration":1,"failing":false,"failureDetails":[],"failureMessages":[],"fullName":"moduloController obtenerEjerciciosModulo debe retornar 500 cuando ocurre un error al cargar ejercicios","invocations":1,"location":null,"numPassingAsserts":2,"retryReasons":[],"startAt":1789179949274,"status":"passed","title":"debe retornar 500 cuando ocurre un error al cargar ejercicios"},{"ancestorTitles":["moduloController","actualizarProgreso"],"duration":2,"failing":false,"failureDetails":[],"failureMessages":[],"fullName":"moduloController actualizarProgreso debe retornar 401 cuando el usuario no está identificado","invocations":1,"location":null,"numPassingAsserts":3,"retryReasons":[],"startAt":1789179949275,"status":"passed","title":"debe retornar 401 cuando el usuario no está identificado"},{"ancestorTitles":["moduloController","actualizarProgreso"],"duration":5,"failing":false,"failureDetails":[],"failureMessages":[],"fullName":"moduloController actualizarProgreso debe actualizar el progreso y calcular el Chakra total","invocations":1,"location":null,"numPassingAsserts":4,"retryReasons":[],"startAt":1789179949277,"status":"passed","title":"debe actualizar el progreso y calcular el Chakra total"},{"ancestorTitles":["moduloController","actualizarProgreso"],"duration":2,"failing":false,"failureDetails":[],"failureMessages":[],"fullName":"moduloController actualizarProgreso debe redondear el porcentaje antes de guardarlo","invocations":1,"location":null,"numPassingAsserts":1,"retryReasons":[],"startAt":1789179949282,"status":"passed","title":"debe redondear el porcentaje antes de guardarlo"},{"ancestorTitles":["moduloController","actualizarProgreso"],"duration":6,"failing":false,"failureDetails":[],"failureMessages":[],"fullName":"moduloController actualizarProgreso debe retornar 500 cuando ocurre un error en la actualización","invocations":1,"location":null,"numPassingAsserts":2,"retryReasons":[],"startAt":1789179949284,"status":"passed","title":"debe retornar 500 cuando ocurre un error en la actualización"}],"endTime":1789179949292,"message":"","name":"C:\\Users\\USUARIO\\academia_pmm_2\\pmm-backend\\test\\moduloController.test.js","startTime":1789179949235,"status":"passed","summary":""},{"assertionResults":[{"ancestorTitles":["progresoController","actualizarProgreso"],"duration":2,"failing":false,"failureDetails":[],"failureMessages":[],"fullName":"progresoController actualizarProgreso debe crear un nuevo registro de progreso cuando no existe","invocations":1,"location":null,"numPassingAsserts":4,"retryReasons":[],"startAt":1789179949332,"status":"passed","title":"debe crear un nuevo registro de progreso cuando no existe"},{"ancestorTitles":["progresoController","actualizarProgreso"],"duration":2,"failing":false,"failureDetails":[],"failureMessages":[],"fullName":"progresoController actualizarProgreso debe actualizar el porcentaje solo cuando el nuevo valor es mayor","invocations":1,"location":null,"numPassingAsserts":5,"retryReasons":[],"startAt":1789179949334,"status":"passed","title":"debe actualizar el porcentaje solo cuando el nuevo valor es mayor"},{"ancestorTitles":["progresoController","actualizarProgreso"],"duration":2,"failing":false,"failureDetails":[],"failureMessages":[],"fullName":"progresoController actualizarProgreso no debe reducir el porcentaje de progreso existente","invocations":1,"location":null,"numPassingAsserts":4,"retryReasons":[],"startAt":1789179949336,"status":"passed","title":"no debe reducir el porcentaje de progreso existente"},{"ancestorTitles":["progresoController","actualizarProgreso"],"duration":1,"failing":false,"failureDetails":[],"failureMessages":[],"fullName":"progresoController actualizarProgreso debe retornar 500 y hacer rollback cuando ocurre un error","invocations":1,"location":null,"numPassingAsserts":3,"retryReasons":[],"startAt":1789179949338,"status":"passed","title":"debe retornar 500 y hacer rollback cuando ocurre un error"},{"ancestorTitles":["progresoController","obtenerEstadoModulo"],"duration":1,"failing":false,"failureDetails":[],"failureMessages":[],"fullName":"progresoController obtenerEstadoModulo debe retornar el progreso registrado","invocations":1,"location":null,"numPassingAsserts":2,"retryReasons":[],"startAt":1789179949340,"status":"passed","title":"debe retornar el progreso registrado"},{"ancestorTitles":["progresoController","obtenerEstadoModulo"],"duration":1,"failing":false,"failureDetails":[],"failureMessages":[],"fullName":"progresoController obtenerEstadoModulo debe retornar porcentaje 0 cuando no existe progreso","invocations":1,"location":null,"numPassingAsserts":1,"retryReasons":[],"startAt":1789179949341,"status":"passed","title":"debe retornar porcentaje 0 cuando no existe progreso"},{"ancestorTitles":["progresoController","obtenerEstadoModulo"],"duration":8,"failing":false,"failureDetails":[],"failureMessages":[],"fullName":"progresoController obtenerEstadoModulo debe retornar 500 cuando falla la consulta del progreso","invocations":1,"location":null,"numPassingAsserts":2,"retryReasons":[],"startAt":1789179949343,"status":"passed","title":"debe retornar 500 cuando falla la consulta del progreso"}],"endTime":1789179949352,"message":"","name":"C:\\Users\\USUARIO\\academia_pmm_2\\pmm-backend\\test\\progresoController.test.js","startTime":1789179949298,"status":"passed","summary":""},{"assertionResults":[{"ancestorTitles":["diagnosticoController - evaluarDiagnostico"],"duration":2,"failing":false,"failureDetails":[],"failureMessages":[],"fullName":"diagnosticoController - evaluarDiagnostico debe retornar 400 cuando las respuestas no tienen un formato válido","invocations":1,"location":null,"numPassingAsserts":2,"retryReasons":[],"startAt":1789179949417,"status":"passed","title":"debe retornar 400 cuando las respuestas no tienen un formato válido"},{"ancestorTitles":["diagnosticoController - evaluarDiagnostico"],"duration":2,"failing":false,"failureDetails":[],"failureMessages":[],"fullName":"diagnosticoController - evaluarDiagnostico debe asignar Genin cuando Flask devuelve nivel_id 0","invocations":1,"location":null,"numPassingAsserts":4,"retryReasons":[],"startAt":1789179949420,"status":"passed","title":"debe asignar Genin cuando Flask devuelve nivel_id 0"},{"ancestorTitles":["diagnosticoController - evaluarDiagnostico"],"duration":2,"failing":false,"failureDetails":[],"failureMessages":[],"fullName":"diagnosticoController - evaluarDiagnostico debe asignar Chunin cuando Flask devuelve nivel_id 1","invocations":1,"location":null,"numPassingAsserts":4,"retryReasons":[],"startAt":1789179949422,"status":"passed","title":"debe asignar Chunin cuando Flask devuelve nivel_id 1"},{"ancestorTitles":["diagnosticoController - evaluarDiagnostico"],"duration":1,"failing":false,"failureDetails":[],"failureMessages":[],"fullName":"diagnosticoController - evaluarDiagnostico debe asignar Jonin cuando Flask devuelve nivel_id 2","invocations":1,"location":null,"numPassingAsserts":4,"retryReasons":[],"startAt":1789179949424,"status":"passed","title":"debe asignar Jonin cuando Flask devuelve nivel_id 2"}],"endTime":1789179949426,"message":"","name":"C:\\Users\\USUARIO\\academia_pmm_2\\pmm-backend\\test\\diagnosticoController.test.js","startTime":1789179949376,"status":"passed","summary":""}],"wasInterrupted":false}
